TN:
SF:services\statistic.js
FN:2,calculateRemainingTime
FNF:1
FNH:1
FNDA:1,calculateRemainingTime
DA:1,1
DA:2,1
DA:3,1
DA:4,1
DA:5,1
DA:6,1
DA:7,1
DA:8,1
DA:9,1
DA:10,1
DA:11,1
LF:11
LH:11
BRDA:2,0,0,1
BRF:1
BRH:1
end_of_record
TN:
SF:services\sunInfoCalculator.js
FN:6,calculateSunInfo
FNF:1
FNH:1
FNDA:2,calculateSunInfo
DA:1,1
DA:2,1
DA:3,1
DA:4,1
DA:5,1
DA:6,1
DA:7,2
DA:8,2
DA:9,2
DA:10,2
DA:11,2
DA:12,2
DA:13,2
DA:14,1
DA:15,1
DA:16,1
DA:17,2
DA:18,2
DA:19,2
DA:20,2
DA:21,2
DA:22,2
DA:23,2
DA:24,2
DA:25,2
DA:26,1
DA:27,1
DA:28,1
LF:28
LH:28
BRDA:6,0,0,2
BRDA:13,1,0,1
BRDA:18,2,0,6
BRF:3
BRH:3
end_of_record
TN:
SF:services\sunriseSunsetService.js
FN:4,getSunriseSunsetData
FNF:1
FNH:1
FNDA:4,getSunriseSunsetData
DA:1,1
DA:2,1
DA:3,1
DA:4,1
DA:5,4
DA:6,4
DA:7,4
DA:8,1
DA:9,1
DA:10,1
LF:10
LH:10
BRDA:4,0,0,4
BRF:1
BRH:1
end_of_record
